AuthInterface/build/outputs/logs/manifest-merger-debug-report.txt
-- Merging decision tree log ---
manifest
ADDED from src/main/AndroidManifest.xml:16:1-21:12
INJECTED from src/main/AndroidManifest.xml:16:1-21:12
INJECTED from src/main/AndroidManifest.xml:16:1-21:12
INJECTED from src/main/AndroidManifest.xml:16:1-21:12
INJECTED from src/main/AndroidManifest.xml:16:1-21:12
INJECTED from src/main/AndroidManifest.xml:16:1-21:12
INJECTED from src/main/AndroidManifest.xml:16:1-21:12
	package
		ADDED from src/main/AndroidManifest.xml:17:11-36
		INJECTED from src/main/AndroidManifest.xml
		INJECTED from src/main/AndroidManifest.xml
	android:versionName
		INJECTED from src/main/AndroidManifest.xml
		ADDED from src/main/AndroidManifest.xml:16:1-21:12
		INJECTED from src/main/AndroidManifest.xml
	android:versionCode
		INJECTED from src/main/AndroidManifest.xml
		ADDED from src/main/AndroidManifest.xml:16:1-21:12
		INJECTED from src/main/AndroidManifest.xml
	xmlns:android
		ADDED from src/main/AndroidManifest.xml:16:11-69
application
ADDED from src/main/AndroidManifest.xml:19:5-46
	android:allowBackup
		ADDED from src/main/AndroidManifest.xml:19:18-44
uses-sdk
INJECTED from src/main/AndroidManifest.xml reason: use-sdk injection requested
INJECTED from src/main/AndroidManifest.xml
INJECTED from src/main/AndroidManifest.xml
INJECTED from src/main/AndroidManifest.xml
INJECTED from src/main/AndroidManifest.xml
	android:targetSdkVersion
		INJECTED from src/main/AndroidManifest.xml
		ADDED from src/main/AndroidManifest.xml
		INJECTED from src/main/AndroidManifest.xml
	android:minSdkVersion
		INJECTED from src/main/AndroidManifest.xml
		ADDED from src/main/AndroidManifest.xml
		INJECTED from src/main/AndroidManifest.xml